<?xml version="1.0" encoding="UTF-8"?>
<testng-results skipped="0" failed="0" total="1" passed="1">
  <reporter-output>
  </reporter-output>
  <suite name="Default suite" duration-ms="2035" started-at="2021-02-28T05:05:13Z" finished-at="2021-02-28T05:05:16Z">
    <groups>
    </groups>
    <test name="Default test" duration-ms="2035" started-at="2021-02-28T05:05:13Z" finished-at="2021-02-28T05:05:16Z">
      <class name="com.qa.tests.PostAPITest">
        <test-method status="PASS" signature="setup()[pri:0, instance:com.qa.tests.PostAPITest@573f2bb1]" name="setup" is-config="true" duration-ms="16" started-at="2021-02-28T10:35:13Z" finished-at="2021-02-28T10:35:13Z">
          <reporter-output>
          </reporter-output>
        </test-method> <!-- setup -->
        <test-method status="PASS" signature="postAPITest()[pri:0, instance:com.qa.tests.PostAPITest@573f2bb1]" name="postAPITest" duration-ms="2003" started-at="2021-02-28T10:35:13Z" finished-at="2021-02-28T10:35:16Z">
          <reporter-output>
          </reporter-output>
        </test-method> <!-- postAPITest -->
      </class> <!-- com.qa.tests.PostAPITest -->
    </test> <!-- Default test -->
  </suite> <!-- Default suite -->
</testng-results>
