<?xml version="1.0" encoding="UTF-8"?>
<testng-results skipped="0" failed="0" total="1" passed="1">
  <reporter-output>
  </reporter-output>
  <suite name="Suite" duration-ms="1234" started-at="2021-02-25T03:43:34Z" finished-at="2021-02-25T03:43:36Z">
    <groups>
    </groups>
    <test name="Test" duration-ms="1234" started-at="2021-02-25T03:43:34Z" finished-at="2021-02-25T03:43:36Z">
      <class name="com.qa.tests.GetAPITest">
        <test-method status="PASS" signature="setup()[pri:0, instance:com.qa.tests.GetAPITest@5a4aa2f2]" name="setup" is-config="true" duration-ms="15" started-at="2021-02-25T09:13:34Z" finished-at="2021-02-25T09:13:34Z">
          <reporter-output>
          </reporter-output>
        </test-method> <!-- setup -->
        <test-method status="PASS" signature="getAPITest()[pri:0, instance:com.qa.tests.GetAPITest@5a4aa2f2]" name="getAPITest" duration-ms="1179" started-at="2021-02-25T09:13:34Z" finished-at="2021-02-25T09:13:36Z">
          <reporter-output>
          </reporter-output>
        </test-method> <!-- getAPITest -->
      </class> <!-- com.qa.tests.GetAPITest -->
    </test> <!-- Test -->
  </suite> <!-- Suite -->
</testng-results>
